<?xml version="1.0" encoding="UTF-8"?>
<!-- Generated by org.testng.reporters.JUnitReportReporter -->
<testsuite hostname="LAPTOP-0I5B3L8C" failures="0" tests="1" name="tests.TestSourch" time="10.553" errors="0" timestamp="30 abr. 2020 21:36:41 GMT" skipped="0">
  <testcase classname="tests.TestSourch" name="testSourch" time="10.553"/>
</testsuite> <!-- tests.TestSourch -->
